# JRE version: OpenJDK Runtime Environment (8.0_212-b04) (build 1.8.0_212-release-1586-b04)
# Java VM: OpenJDK 64-Bit Server VM (25.212-b04 mixed mode windows-amd64 compressed oops)
Heap:
 PSYoungGen      total 370688K, used 247434K [0x00000000e0000000, 0x00000000fa380000, 0x0000000100000000)
  eden space 311808K, 62% used [0x00000000e0000000,0x00000000ebd04d08,0x00000000f3080000)
  from space 58880K, 91% used [0x00000000f3080000,0x00000000f651ddc8,0x00000000f6a00000)
  to   space 55296K, 0% used [0x00000000f6d80000,0x00000000f6d80000,0x00000000fa380000)
 ParOldGen       total 200192K, used 113664K [0x00000000a0000000, 0x00000000ac380000, 0x00000000e0000000)
  object space 200192K, 56% used [0x00000000a0000000,0x00000000a6f00188,0x00000000ac380000)
 Metaspace       used 104898K, capacity 110440K, committed 115928K, reserved 1150976K
  class space    used 13245K, capacity 14255K, committed 15320K, reserved 1048576K
GC Heap History (10 events):
Event: 10851.502 GC heap before
{Heap before GC invocations=52 (full 5):
 PSYoungGen      total 367104K, used 315104K [0x00000000e0000000, 0x00000000fa380000, 0x0000000100000000)
  eden space 311808K, 100% used [0x00000000e0000000,0x00000000f3080000,0x00000000f3080000)
  from space 55296K, 5% used [0x00000000f6d80000,0x00000000f70b8010,0x00000000fa380000)
  to   space 58880K, 0% used [0x00000000f3080000,0x00000000f3080000,0x00000000f6a00000)
 ParOldGen       total 200192K, used 99429K [0x00000000a0000000, 0x00000000ac380000, 0x00000000e0000000)
  object space 200192K, 49% used [0x00000000a0000000,0x00000000a61196f0,0x00000000ac380000)
 Metaspace       used 104657K, capacity 110206K, committed 115928K, reserved 1150976K
  class space    used 13226K, capacity 14240K, committed 15320K, reserved 1048576K
Event: 10851.524 GC heap after
Heap after GC invocations=52 (full 5):
 PSYoungGen      total 370688K, used 4640K [0x00000000e0000000, 0x00000000fa380000, 0x0000000100000000)
  eden space 311808K, 0% used [0x00000000e0000000,0x00000000e0000000,0x00000000f3080000)
  from space 58880K, 7% used [0x00000000f3080000,0x00000000f3508000,0x00000000f6a00000)
  to   space 55296K, 0% used [0x00000000f6d80000,0x00000000f6d80000,0x00000000fa380000)
 ParOldGen       total 200192K, used 102386K [0x00000000a0000000, 0x00000000ac380000, 0x00000000e0000000)
  object space 200192K, 51% used [0x00000000a0000000,0x00000000a63fc9f8,0x00000000ac380000)
 Metaspace       used 104657K, capacity 110206K, committed 115928K, reserved 1150976K
  class space    used 13226K, capacity 14240K, committed 15320K, reserved 1048576K
}
Event: 10851.990 GC heap before
{Heap before GC invocations=53 (full 5):
 PSYoungGen      total 370688K, used 316448K [0x00000000e0000000, 0x00000000fa380000, 0x0000000100000000)
  eden space 311808K, 100% used [0x00000000e0000000,0x00000000f3080000,0x00000000f3080000)
  from space 58880K, 7% used [0x00000000f3080000,0x00000000f3508000,0x00000000f6a00000)
  to   space 55296K, 0% used [0x00000000f6d80000,0x00000000f6d80000,0x00000000fa380000)
 ParOldGen       total 200192K, used 102386K [0x00000000a0000000, 0x00000000ac380000, 0x00000000e0000000)
  object space 200192K, 51% used [0x00000000a0000000,0x00000000a63fc9f8,0x00000000ac380000)
 Metaspace       used 104662K, capacity 110206K, committed 115928K, reserved 1150976K
  class space    used 13226K, capacity 14240K, committed 15320K, reserved 1048576K
Event: 10852.008 GC heap after
Heap after GC invocations=53 (full 5):
 PSYoungGen      total 367104K, used 3072K [0x00000000e0000000, 0x00000000fa380000, 0x0000000100000000)
  eden space 311808K, 0% used [0x00000000e0000000,0x00000000e0000000,0x00000000f3080000)
  from space 55296K, 5% used [0x00000000f6d80000,0x00000000f7080000,0x00000000fa380000)
  to   space 58880K, 0% used [0x00000000f3080000,0x00000000f3080000,0x00000000f6a00000)
 ParOldGen       total 200192K, used 106190K [0x00000000a0000000, 0x00000000ac380000, 0x00000000e0000000)
  object space 200192K, 53% used [0x00000000a0000000,0x00000000a67b3b00,0x00000000ac380000)
 Metaspace       used 104662K, capacity 110206K, committed 115928K, reserved 1150976K
  class space    used 13226K, capacity 14240K, committed 15320K, reserved 1048576K
}
Event: 10852.525 GC heap before
{Heap before GC invocations=54 (full 5):
 PSYoungGen      total 367104K, used 314880K [0x00000000e0000000, 0x00000000fa380000, 0x0000000100000000)
  eden space 311808K, 100% used [0x00000000e0000000,0x00000000f3080000,0x00000000f3080000)
  from space 55296K, 5% used [0x00000000f6d80000,0x00000000f7080000,0x00000000fa380000)
  to   space 58880K, 0% used [0x00000000f3080000,0x00000000f3080000,0x00000000f6a00000)
 ParOldGen       total 200192K, used 106190K [0x00000000a0000000, 0x00000000ac380000, 0x00000000e0000000)
  object space 200192K, 53% used [0x00000000a0000000,0x00000000a67b3b00,0x00000000ac380000)
 Metaspace       used 104667K, capacity 110206K, committed 115928K, reserved 1150976K
  class space    used 13227K, capacity 14240K, committed 15320K, reserved 1048576K
Event: 10852.535 GC heap after
Heap after GC invocations=54 (full 5):
 PSYoungGen      total 370688K, used 2752K [0x00000000e0000000, 0x00000000fa380000, 0x0000000100000000)
  eden space 311808K, 0% used [0x00000000e0000000,0x00000000e0000000,0x00000000f3080000)
  from space 58880K, 4% used [0x00000000f3080000,0x00000000f3330000,0x00000000f6a00000)
  to   space 55296K, 0% used [0x00000000f6d80000,0x00000000f6d80000,0x00000000fa380000)
 ParOldGen       total 200192K, used 107750K [0x00000000a0000000, 0x00000000ac380000, 0x00000000e0000000)
  object space 200192K, 53% used [0x00000000a0000000,0x00000000a6939910,0x00000000ac380000)
 Metaspace       used 104667K, capacity 110206K, committed 115928K, reserved 1150976K
  class space    used 13227K, capacity 14240K, committed 15320K, reserved 1048576K
}
Event: 10854.178 GC heap before
{Heap before GC invocations=55 (full 5):
 PSYoungGen      total 370688K, used 314560K [0x00000000e0000000, 0x00000000fa380000, 0x0000000100000000)
  eden space 311808K, 100% used [0x00000000e0000000,0x00000000f3080000,0x00000000f3080000)
  from space 58880K, 4% used [0x00000000f3080000,0x00000000f3330000,0x00000000f6a00000)
  to   space 55296K, 0% used [0x00000000f6d80000,0x00000000f6d80000,0x00000000fa380000)
 ParOldGen       total 200192K, used 107750K [0x00000000a0000000, 0x00000000ac380000, 0x00000000e0000000)
  object space 200192K, 53% used [0x00000000a0000000,0x00000000a6939910,0x00000000ac380000)
 Metaspace       used 104668K, capacity 110206K, committed 115928K, reserved 1150976K
  class space    used 13227K, capacity 14240K, committed 15320K, reserved 1048576K
Event: 10854.204 GC heap after
Heap after GC invocations=55 (full 5):
 PSYoungGen      total 367104K, used 5216K [0x00000000e0000000, 0x00000000fa380000, 0x0000000100000000)
  eden space 311808K, 0% used [0x00000000e0000000,0x00000000e0000000,0x00000000f3080000)
  from space 55296K, 9% used [0x00000000f6d80000,0x00000000f7298000,0x00000000fa380000)
  to   space 58880K, 0% used [0x00000000f3080000,0x00000000f3080000,0x00000000f6a00000)
 ParOldGen       total 200192K, used 110070K [0x00000000a0000000, 0x00000000ac380000, 0x00000000e0000000)
  object space 200192K, 54% used [0x00000000a0000000,0x00000000a6b7dbd0,0x00000000ac380000)
 Metaspace       used 104668K, capacity 110206K, committed 115928K, reserved 1150976K
  class space    used 13227K, capacity 14240K, committed 15320K, reserved 1048576K
}
Event: 10856.346 GC heap before
{Heap before GC invocations=56 (full 5):
 PSYoungGen      total 367104K, used 317024K [0x00000000e0000000, 0x00000000fa380000, 0x0000000100000000)
  eden space 311808K, 100% used [0x00000000e0000000,0x00000000f3080000,0x00000000f3080000)
  from space 55296K, 9% used [0x00000000f6d80000,0x00000000f7298000,0x00000000fa380000)
  to   space 58880K, 0% used [0x00000000f3080000,0x00000000f3080000,0x00000000f6a00000)
 ParOldGen       total 200192K, used 110070K [0x00000000a0000000, 0x00000000ac380000, 0x00000000e0000000)
  object space 200192K, 54% used [0x00000000a0000000,0x00000000a6b7dbd0,0x00000000ac380000)
 Metaspace       used 104701K, capacity 110216K, committed 115928K, reserved 1150976K
  class space    used 13228K, capacity 14241K, committed 15320K, reserved 1048576K
Event: 10856.430 GC heap after
Heap after GC invocations=56 (full 5):
 PSYoungGen      total 370688K, used 53879K [0x00000000e0000000, 0x00000000fa380000, 0x0000000100000000)
  eden space 311808K, 0% used [0x00000000e0000000,0x00000000e0000000,0x00000000f3080000)
  from space 58880K, 91% used [0x00000000f3080000,0x00000000f651ddc8,0x00000000f6a00000)
  to   space 55296K, 0% used [0x00000000f6d80000,0x00000000f6d80000,0x00000000fa380000)
 ParOldGen       total 200192K, used 113664K [0x00000000a0000000, 0x00000000ac380000, 0x00000000e0000000)
  object space 200192K, 56% used [0x00000000a0000000,0x00000000a6f00188,0x00000000ac380000)
 Metaspace       used 104701K, capacity 110216K, committed 115928K, reserved 1150976K
  class space    used 13228K, capacity 14241K, committed 15320K, reserved 1048576K
}

