# JRE version: OpenJDK Runtime Environment (8.0_212-b04) (build 1.8.0_212-release-1586-b04)
# Java VM: OpenJDK 64-Bit Server VM (25.212-b04 mixed mode windows-amd64 compressed oops)
Heap:
 PSYoungGen      total 468480K, used 241768K [0x00000000e0000000, 0x00000000ffd00000, 0x0000000100000000)
  eden space 419840K, 55% used [0x00000000e0000000,0x00000000ee2b5530,0x00000000f9a00000)
  from space 48640K, 19% used [0x00000000fcd80000,0x00000000fd6e4c28,0x00000000ffd00000)
  to   space 50688K, 0% used [0x00000000f9a00000,0x00000000f9a00000,0x00000000fcb80000)
 ParOldGen       total 265728K, used 151799K [0x00000000a0000000, 0x00000000b0380000, 0x00000000e0000000)
  object space 265728K, 57% used [0x00000000a0000000,0x00000000a943dc68,0x00000000b0380000)
 Metaspace       used 111538K, capacity 119472K, committed 119680K, reserved 1153024K
  class space    used 14020K, capacity 15467K, committed 15488K, reserved 1048576K
GC Heap History (10 events):
Event: 11240.728 GC heap before
{Heap before GC invocations=47 (full 5):
 PSYoungGen      total 372224K, used 327464K [0x00000000e0000000, 0x00000000fd180000, 0x0000000100000000)
  eden space 309248K, 100% used [0x00000000e0000000,0x00000000f2e00000,0x00000000f2e00000)
  from space 62976K, 28% used [0x00000000f2e00000,0x00000000f3fca038,0x00000000f6b80000)
  to   space 59904K, 0% used [0x00000000f9700000,0x00000000f9700000,0x00000000fd180000)
 ParOldGen       total 265728K, used 141465K [0x00000000a0000000, 0x00000000b0380000, 0x00000000e0000000)
  object space 265728K, 53% used [0x00000000a0000000,0x00000000a8a26628,0x00000000b0380000)
 Metaspace       used 108023K, capacity 114134K, committed 114944K, reserved 1148928K
  class space    used 13598K, capacity 14802K, committed 15104K, reserved 1048576K
Event: 11240.888 GC heap after
Heap after GC invocations=47 (full 5):
 PSYoungGen      total 402432K, used 20114K [0x00000000e0000000, 0x00000000fc800000, 0x0000000100000000)
  eden space 352256K, 0% used [0x00000000e0000000,0x00000000e0000000,0x00000000f5800000)
  from space 50176K, 40% used [0x00000000f9700000,0x00000000faaa4b28,0x00000000fc800000)
  to   space 57344K, 0% used [0x00000000f5800000,0x00000000f5800000,0x00000000f9000000)
 ParOldGen       total 265728K, used 141737K [0x00000000a0000000, 0x00000000b0380000, 0x00000000e0000000)
  object space 265728K, 53% used [0x00000000a0000000,0x00000000a8a6a658,0x00000000b0380000)
 Metaspace       used 108023K, capacity 114134K, committed 114944K, reserved 1148928K
  class space    used 13598K, capacity 14802K, committed 15104K, reserved 1048576K
}
Event: 12079.666 GC heap before
{Heap before GC invocations=48 (full 5):
 PSYoungGen      total 402432K, used 372370K [0x00000000e0000000, 0x00000000fc800000, 0x0000000100000000)
  eden space 352256K, 100% used [0x00000000e0000000,0x00000000f5800000,0x00000000f5800000)
  from space 50176K, 40% used [0x00000000f9700000,0x00000000faaa4b28,0x00000000fc800000)
  to   space 57344K, 0% used [0x00000000f5800000,0x00000000f5800000,0x00000000f9000000)
 ParOldGen       total 265728K, used 141737K [0x00000000a0000000, 0x00000000b0380000, 0x00000000e0000000)
  object space 265728K, 53% used [0x00000000a0000000,0x00000000a8a6a658,0x00000000b0380000)
 Metaspace       used 108278K, capacity 114500K, committed 114944K, reserved 1148928K
  class space    used 13604K, capacity 14809K, committed 15104K, reserved 1048576K
Event: 12079.824 GC heap after
Heap after GC invocations=48 (full 5):
 PSYoungGen      total 409600K, used 20983K [0x00000000e0000000, 0x00000000fed00000, 0x0000000100000000)
  eden space 352256K, 0% used [0x00000000e0000000,0x00000000e0000000,0x00000000f5800000)
  from space 57344K, 36% used [0x00000000f5800000,0x00000000f6c7dfb0,0x00000000f9000000)
  to   space 54272K, 0% used [0x00000000fb800000,0x00000000fb800000,0x00000000fed00000)
 ParOldGen       total 265728K, used 145704K [0x00000000a0000000, 0x00000000b0380000, 0x00000000e0000000)
  object space 265728K, 54% used [0x00000000a0000000,0x00000000a8e4a280,0x00000000b0380000)
 Metaspace       used 108278K, capacity 114500K, committed 114944K, reserved 1148928K
  class space    used 13604K, capacity 14809K, committed 15104K, reserved 1048576K
}
Event: 13962.224 GC heap before
{Heap before GC invocations=49 (full 5):
 PSYoungGen      total 409600K, used 373239K [0x00000000e0000000, 0x00000000fed00000, 0x0000000100000000)
  eden space 352256K, 100% used [0x00000000e0000000,0x00000000f5800000,0x00000000f5800000)
  from space 57344K, 36% used [0x00000000f5800000,0x00000000f6c7dfb0,0x00000000f9000000)
  to   space 54272K, 0% used [0x00000000fb800000,0x00000000fb800000,0x00000000fed00000)
 ParOldGen       total 265728K, used 145704K [0x00000000a0000000, 0x00000000b0380000, 0x00000000e0000000)
  object space 265728K, 54% used [0x00000000a0000000,0x00000000a8e4a280,0x00000000b0380000)
 Metaspace       used 110371K, capacity 117874K, committed 118016K, reserved 1153024K
  class space    used 13894K, capacity 15271K, committed 15360K, reserved 1048576K
Event: 13962.441 GC heap after
Heap after GC invocations=49 (full 5):
 PSYoungGen      total 436224K, used 14057K [0x00000000e0000000, 0x00000000fe480000, 0x0000000100000000)
  eden space 390656K, 0% used [0x00000000e0000000,0x00000000e0000000,0x00000000f7d80000)
  from space 45568K, 30% used [0x00000000fb800000,0x00000000fc5ba710,0x00000000fe480000)
  to   space 52736K, 0% used [0x00000000f7d80000,0x00000000f7d80000,0x00000000fb100000)
 ParOldGen       total 265728K, used 149603K [0x00000000a0000000, 0x00000000b0380000, 0x00000000e0000000)
  object space 265728K, 56% used [0x00000000a0000000,0x00000000a9218f20,0x00000000b0380000)
 Metaspace       used 110371K, capacity 117874K, committed 118016K, reserved 1153024K
  class space    used 13894K, capacity 15271K, committed 15360K, reserved 1048576K
}
Event: 14133.930 GC heap before
{Heap before GC invocations=50 (full 5):
 PSYoungGen      total 436224K, used 404713K [0x00000000e0000000, 0x00000000fe480000, 0x0000000100000000)
  eden space 390656K, 100% used [0x00000000e0000000,0x00000000f7d80000,0x00000000f7d80000)
  from space 45568K, 30% used [0x00000000fb800000,0x00000000fc5ba710,0x00000000fe480000)
  to   space 52736K, 0% used [0x00000000f7d80000,0x00000000f7d80000,0x00000000fb100000)
 ParOldGen       total 265728K, used 149603K [0x00000000a0000000, 0x00000000b0380000, 0x00000000e0000000)
  object space 265728K, 56% used [0x00000000a0000000,0x00000000a9218f20,0x00000000b0380000)
 Metaspace       used 110934K, capacity 118534K, committed 118656K, reserved 1153024K
  class space    used 13942K, capacity 15370K, committed 15488K, reserved 1048576K
Event: 14134.008 GC heap after
Heap after GC invocations=50 (full 5):
 PSYoungGen      total 443392K, used 13455K [0x00000000e0000000, 0x0000000100000000, 0x0000000100000000)
  eden space 390656K, 0% used [0x00000000e0000000,0x00000000e0000000,0x00000000f7d80000)
  from space 52736K, 25% used [0x00000000f7d80000,0x00000000f8aa3de8,0x00000000fb100000)
  to   space 51712K, 0% used [0x00000000fcd80000,0x00000000fcd80000,0x0000000100000000)
 ParOldGen       total 265728K, used 151774K [0x00000000a0000000, 0x00000000b0380000, 0x00000000e0000000)
  object space 265728K, 57% used [0x00000000a0000000,0x00000000a9437ba0,0x00000000b0380000)
 Metaspace       used 110934K, capacity 118534K, committed 118656K, reserved 1153024K
  class space    used 13942K, capacity 15370K, committed 15488K, reserved 1048576K
}
Event: 14333.950 GC heap before
{Heap before GC invocations=51 (full 5):
 PSYoungGen      total 443392K, used 404111K [0x00000000e0000000, 0x0000000100000000, 0x0000000100000000)
  eden space 390656K, 100% used [0x00000000e0000000,0x00000000f7d80000,0x00000000f7d80000)
  from space 52736K, 25% used [0x00000000f7d80000,0x00000000f8aa3de8,0x00000000fb100000)
  to   space 51712K, 0% used [0x00000000fcd80000,0x00000000fcd80000,0x0000000100000000)
 ParOldGen       total 265728K, used 151791K [0x00000000a0000000, 0x00000000b0380000, 0x00000000e0000000)
  object space 265728K, 57% used [0x00000000a0000000,0x00000000a943bc68,0x00000000b0380000)
 Metaspace       used 111425K, capacity 119260K, committed 119424K, reserved 1153024K
  class space    used 14007K, capacity 15445K, committed 15488K, reserved 1048576K
Event: 14334.076 GC heap after
Heap after GC invocations=51 (full 5):
 PSYoungGen      total 468480K, used 9619K [0x00000000e0000000, 0x00000000ffd00000, 0x0000000100000000)
  eden space 419840K, 0% used [0x00000000e0000000,0x00000000e0000000,0x00000000f9a00000)
  from space 48640K, 19% used [0x00000000fcd80000,0x00000000fd6e4c28,0x00000000ffd00000)
  to   space 50688K, 0% used [0x00000000f9a00000,0x00000000f9a00000,0x00000000fcb80000)
 ParOldGen       total 265728K, used 151799K [0x00000000a0000000, 0x00000000b0380000, 0x00000000e0000000)
  object space 265728K, 57% used [0x00000000a0000000,0x00000000a943dc68,0x00000000b0380000)
 Metaspace       used 111425K, capacity 119260K, committed 119424K, reserved 1153024K
  class space    used 14007K, capacity 15445K, committed 15488K, reserved 1048576K
}

