# JRE version: OpenJDK Runtime Environment (8.0_212-b04) (build 1.8.0_212-release-1586-b04)
# Java VM: OpenJDK 64-Bit Server VM (25.212-b04 mixed mode windows-amd64 compressed oops)
Heap:
 PSYoungGen      total 207360K, used 23401K [0x00000000e0000000, 0x00000000f1b00000, 0x0000000100000000)
  eden space 193024K, 5% used [0x00000000e0000000,0x00000000e0b4b648,0x00000000ebc80000)
  from space 14336K, 82% used [0x00000000ed500000,0x00000000ee08eef0,0x00000000ee300000)
  to   space 25088K, 0% used [0x00000000ebc80000,0x00000000ebc80000,0x00000000ed500000)
 ParOldGen       total 128000K, used 57552K [0x00000000a0000000, 0x00000000a7d00000, 0x00000000e0000000)
  object space 128000K, 44% used [0x00000000a0000000,0x00000000a38343b0,0x00000000a7d00000)
 Metaspace       used 83256K, capacity 88384K, committed 88576K, reserved 1126400K
  class space    used 11433K, capacity 12423K, committed 12544K, reserved 1048576K
GC Heap History (10 events):
Event: 11.270 GC heap before
{Heap before GC invocations=15 (full 2):
 PSYoungGen      total 165888K, used 37502K [0x00000000e0000000, 0x00000000ec000000, 0x0000000100000000)
  eden space 151552K, 15% used [0x00000000e0000000,0x00000000e16a1d08,0x00000000e9400000)
  from space 14336K, 99% used [0x00000000ea780000,0x00000000eb57dc40,0x00000000eb580000)
  to   space 19968K, 0% used [0x00000000e9400000,0x00000000e9400000,0x00000000ea780000)
 ParOldGen       total 82432K, used 31789K [0x00000000a0000000, 0x00000000a5080000, 0x00000000e0000000)
  object space 82432K, 38% used [0x00000000a0000000,0x00000000a1f0b530,0x00000000a5080000)
 Metaspace       used 56922K, capacity 58954K, committed 59096K, reserved 1099776K
  class space    used 7822K, capacity 8360K, committed 8448K, reserved 1048576K
Event: 11.301 GC heap after
Heap after GC invocations=15 (full 2):
 PSYoungGen      total 171520K, used 2712K [0x00000000e0000000, 0x00000000ee880000, 0x0000000100000000)
  eden space 151552K, 0% used [0x00000000e0000000,0x00000000e0000000,0x00000000e9400000)
  from space 19968K, 13% used [0x00000000e9400000,0x00000000e96a6060,0x00000000ea780000)
  to   space 19968K, 0% used [0x00000000ed500000,0x00000000ed500000,0x00000000ee880000)
 ParOldGen       total 82432K, used 40829K [0x00000000a0000000, 0x00000000a5080000, 0x00000000e0000000)
  object space 82432K, 49% used [0x00000000a0000000,0x00000000a27df7f0,0x00000000a5080000)
 Metaspace       used 56922K, capacity 58954K, committed 59096K, reserved 1099776K
  class space    used 7822K, capacity 8360K, committed 8448K, reserved 1048576K
}
Event: 11.301 GC heap before
{Heap before GC invocations=16 (full 3):
 PSYoungGen      total 171520K, used 2712K [0x00000000e0000000, 0x00000000ee880000, 0x0000000100000000)
  eden space 151552K, 0% used [0x00000000e0000000,0x00000000e0000000,0x00000000e9400000)
  from space 19968K, 13% used [0x00000000e9400000,0x00000000e96a6060,0x00000000ea780000)
  to   space 19968K, 0% used [0x00000000ed500000,0x00000000ed500000,0x00000000ee880000)
 ParOldGen       total 82432K, used 40829K [0x00000000a0000000, 0x00000000a5080000, 0x00000000e0000000)
  object space 82432K, 49% used [0x00000000a0000000,0x00000000a27df7f0,0x00000000a5080000)
 Metaspace       used 56922K, capacity 58954K, committed 59096K, reserved 1099776K
  class space    used 7822K, capacity 8360K, committed 8448K, reserved 1048576K
Event: 11.535 GC heap after
Heap after GC invocations=16 (full 3):
 PSYoungGen      total 171520K, used 0K [0x00000000e0000000, 0x00000000ee880000, 0x0000000100000000)
  eden space 151552K, 0% used [0x00000000e0000000,0x00000000e0000000,0x00000000e9400000)
  from space 19968K, 0% used [0x00000000e9400000,0x00000000e9400000,0x00000000ea780000)
  to   space 19968K, 0% used [0x00000000ed500000,0x00000000ed500000,0x00000000ee880000)
 ParOldGen       total 128000K, used 33234K [0x00000000a0000000, 0x00000000a7d00000, 0x00000000e0000000)
  object space 128000K, 25% used [0x00000000a0000000,0x00000000a2074848,0x00000000a7d00000)
 Metaspace       used 56922K, capacity 58954K, committed 59096K, reserved 1099776K
  class space    used 7822K, capacity 8360K, committed 8448K, reserved 1048576K
}
Event: 13.250 GC heap before
{Heap before GC invocations=17 (full 3):
 PSYoungGen      total 171520K, used 151552K [0x00000000e0000000, 0x00000000ee880000, 0x0000000100000000)
  eden space 151552K, 100% used [0x00000000e0000000,0x00000000e9400000,0x00000000e9400000)
  from space 19968K, 0% used [0x00000000e9400000,0x00000000e9400000,0x00000000ea780000)
  to   space 19968K, 0% used [0x00000000ed500000,0x00000000ed500000,0x00000000ee880000)
 ParOldGen       total 128000K, used 33234K [0x00000000a0000000, 0x00000000a7d00000, 0x00000000e0000000)
  object space 128000K, 25% used [0x00000000a0000000,0x00000000a2074848,0x00000000a7d00000)
 Metaspace       used 61459K, capacity 64428K, committed 64768K, reserved 1105920K
  class space    used 8479K, capacity 9131K, committed 9216K, reserved 1048576K
Event: 13.312 GC heap after
Heap after GC invocations=17 (full 3):
 PSYoungGen      total 206848K, used 11746K [0x00000000e0000000, 0x00000000ee300000, 0x0000000100000000)
  eden space 192512K, 0% used [0x00000000e0000000,0x00000000e0000000,0x00000000ebc00000)
  from space 14336K, 81% used [0x00000000ed500000,0x00000000ee078910,0x00000000ee300000)
  to   space 19968K, 0% used [0x00000000ebc00000,0x00000000ebc00000,0x00000000ecf80000)
 ParOldGen       total 128000K, used 33242K [0x00000000a0000000, 0x00000000a7d00000, 0x00000000e0000000)
  object space 128000K, 25% used [0x00000000a0000000,0x00000000a2076848,0x00000000a7d00000)
 Metaspace       used 61459K, capacity 64428K, committed 64768K, reserved 1105920K
  class space    used 8479K, capacity 9131K, committed 9216K, reserved 1048576K
}
Event: 17.974 GC heap before
{Heap before GC invocations=18 (full 3):
 PSYoungGen      total 206848K, used 204258K [0x00000000e0000000, 0x00000000ee300000, 0x0000000100000000)
  eden space 192512K, 100% used [0x00000000e0000000,0x00000000ebc00000,0x00000000ebc00000)
  from space 14336K, 81% used [0x00000000ed500000,0x00000000ee078910,0x00000000ee300000)
  to   space 19968K, 0% used [0x00000000ebc00000,0x00000000ebc00000,0x00000000ecf80000)
 ParOldGen       total 128000K, used 33242K [0x00000000a0000000, 0x00000000a7d00000, 0x00000000e0000000)
  object space 128000K, 25% used [0x00000000a0000000,0x00000000a2076848,0x00000000a7d00000)
 Metaspace       used 71671K, capacity 74870K, committed 75136K, reserved 1114112K
  class space    used 9647K, capacity 10344K, committed 10368K, reserved 1048576K
Event: 18.087 GC heap after
Heap after GC invocations=18 (full 3):
 PSYoungGen      total 212480K, used 19945K [0x00000000e0000000, 0x00000000ee300000, 0x0000000100000000)
  eden space 192512K, 0% used [0x00000000e0000000,0x00000000e0000000,0x00000000ebc00000)
  from space 19968K, 99% used [0x00000000ebc00000,0x00000000ecf7a4d0,0x00000000ecf80000)
  to   space 14336K, 0% used [0x00000000ed500000,0x00000000ed500000,0x00000000ee300000)
 ParOldGen       total 128000K, used 42252K [0x00000000a0000000, 0x00000000a7d00000, 0x00000000e0000000)
  object space 128000K, 33% used [0x00000000a0000000,0x00000000a2943078,0x00000000a7d00000)
 Metaspace       used 71671K, capacity 74870K, committed 75136K, reserved 1114112K
  class space    used 9647K, capacity 10344K, committed 10368K, reserved 1048576K
}
Event: 20.763 GC heap before
{Heap before GC invocations=19 (full 3):
 PSYoungGen      total 212480K, used 212457K [0x00000000e0000000, 0x00000000ee300000, 0x0000000100000000)
  eden space 192512K, 100% used [0x00000000e0000000,0x00000000ebc00000,0x00000000ebc00000)
  from space 19968K, 99% used [0x00000000ebc00000,0x00000000ecf7a4d0,0x00000000ecf80000)
  to   space 14336K, 0% used [0x00000000ed500000,0x00000000ed500000,0x00000000ee300000)
 ParOldGen       total 128000K, used 42252K [0x00000000a0000000, 0x00000000a7d00000, 0x00000000e0000000)
  object space 128000K, 33% used [0x00000000a0000000,0x00000000a2943078,0x00000000a7d00000)
 Metaspace       used 82869K, capacity 88014K, committed 88192K, reserved 1124352K
  class space    used 11370K, capacity 12388K, committed 12416K, reserved 1048576K
Event: 20.794 GC heap after
Heap after GC invocations=19 (full 3):
 PSYoungGen      total 207360K, used 11835K [0x00000000e0000000, 0x00000000f1b00000, 0x0000000100000000)
  eden space 193024K, 0% used [0x00000000e0000000,0x00000000e0000000,0x00000000ebc80000)
  from space 14336K, 82% used [0x00000000ed500000,0x00000000ee08eef0,0x00000000ee300000)
  to   space 25088K, 0% used [0x00000000ebc80000,0x00000000ebc80000,0x00000000ed500000)
 ParOldGen       total 128000K, used 57552K [0x00000000a0000000, 0x00000000a7d00000, 0x00000000e0000000)
  object space 128000K, 44% used [0x00000000a0000000,0x00000000a38343b0,0x00000000a7d00000)
 Metaspace       used 82869K, capacity 88014K, committed 88192K, reserved 1124352K
  class space    used 11370K, capacity 12388K, committed 12416K, reserved 1048576K
}

