# JRE version: OpenJDK Runtime Environment (8.0_212-b04) (build 1.8.0_212-release-1586-b04)
# Java VM: OpenJDK 64-Bit Server VM (25.212-b04 mixed mode windows-amd64 compressed oops)
Heap:
 PSYoungGen      total 237056K, used 110972K [0x00000000e0000000, 0x00000000f0f00000, 0x0000000100000000)
  eden space 204800K, 40% used [0x00000000e0000000,0x00000000e500d768,0x00000000ec800000)
  from space 32256K, 89% used [0x00000000eef80000,0x00000000f0bd1978,0x00000000f0f00000)
  to   space 36352K, 0% used [0x00000000ec800000,0x00000000ec800000,0x00000000eeb80000)
 ParOldGen       total 195584K, used 77356K [0x00000000a0000000, 0x00000000abf00000, 0x00000000e0000000)
  object space 195584K, 39% used [0x00000000a0000000,0x00000000a4b8b088,0x00000000abf00000)
 Metaspace       used 106248K, capacity 112731K, committed 112832K, reserved 1146880K
  class space    used 13781K, capacity 15077K, committed 15104K, reserved 1048576K
GC Heap History (10 events):
Event: 106.933 GC heap before
{Heap before GC invocations=28 (full 4):
 PSYoungGen      total 224768K, used 190976K [0x00000000e0000000, 0x00000000f1080000, 0x0000000100000000)
  eden space 190976K, 100% used [0x00000000e0000000,0x00000000eba80000,0x00000000eba80000)
  from space 33792K, 0% used [0x00000000eba80000,0x00000000eba80000,0x00000000edb80000)
  to   space 35328K, 0% used [0x00000000eee00000,0x00000000eee00000,0x00000000f1080000)
 ParOldGen       total 195584K, used 77308K [0x00000000a0000000, 0x00000000abf00000, 0x00000000e0000000)
  object space 195584K, 39% used [0x00000000a0000000,0x00000000a4b7f088,0x00000000abf00000)
 Metaspace       used 94160K, capacity 98475K, committed 99520K, reserved 1136640K
  class space    used 12071K, capacity 13031K, committed 13312K, reserved 1048576K
Event: 106.956 GC heap after
Heap after GC invocations=28 (full 4):
 PSYoungGen      total 244224K, used 8356K [0x00000000e0000000, 0x00000000f1100000, 0x0000000100000000)
  eden space 208896K, 0% used [0x00000000e0000000,0x00000000e0000000,0x00000000ecc00000)
  from space 35328K, 23% used [0x00000000eee00000,0x00000000ef6291e0,0x00000000f1080000)
  to   space 34816K, 0% used [0x00000000ecc00000,0x00000000ecc00000,0x00000000eee00000)
 ParOldGen       total 195584K, used 77316K [0x00000000a0000000, 0x00000000abf00000, 0x00000000e0000000)
  object space 195584K, 39% used [0x00000000a0000000,0x00000000a4b81088,0x00000000abf00000)
 Metaspace       used 94160K, capacity 98475K, committed 99520K, reserved 1136640K
  class space    used 12071K, capacity 13031K, committed 13312K, reserved 1048576K
}
Event: 206.704 GC heap before
{Heap before GC invocations=29 (full 4):
 PSYoungGen      total 244224K, used 217252K [0x00000000e0000000, 0x00000000f1100000, 0x0000000100000000)
  eden space 208896K, 100% used [0x00000000e0000000,0x00000000ecc00000,0x00000000ecc00000)
  from space 35328K, 23% used [0x00000000eee00000,0x00000000ef6291e0,0x00000000f1080000)
  to   space 34816K, 0% used [0x00000000ecc00000,0x00000000ecc00000,0x00000000eee00000)
 ParOldGen       total 195584K, used 77316K [0x00000000a0000000, 0x00000000abf00000, 0x00000000e0000000)
  object space 195584K, 39% used [0x00000000a0000000,0x00000000a4b81088,0x00000000abf00000)
 Metaspace       used 95958K, capacity 100555K, committed 100928K, reserved 1136640K
  class space    used 12334K, capacity 13341K, committed 13440K, reserved 1048576K
Event: 206.815 GC heap after
Heap after GC invocations=29 (full 4):
 PSYoungGen      total 243712K, used 13566K [0x00000000e0000000, 0x00000000f1880000, 0x0000000100000000)
  eden space 208896K, 0% used [0x00000000e0000000,0x00000000e0000000,0x00000000ecc00000)
  from space 34816K, 38% used [0x00000000ecc00000,0x00000000ed93fa98,0x00000000eee00000)
  to   space 32768K, 0% used [0x00000000ef880000,0x00000000ef880000,0x00000000f1880000)
 ParOldGen       total 195584K, used 77324K [0x00000000a0000000, 0x00000000abf00000, 0x00000000e0000000)
  object space 195584K, 39% used [0x00000000a0000000,0x00000000a4b83088,0x00000000abf00000)
 Metaspace       used 95958K, capacity 100555K, committed 100928K, reserved 1136640K
  class space    used 12334K, capacity 13341K, committed 13440K, reserved 1048576K
}
Event: 1069.482 GC heap before
{Heap before GC invocations=30 (full 4):
 PSYoungGen      total 243712K, used 222462K [0x00000000e0000000, 0x00000000f1880000, 0x0000000100000000)
  eden space 208896K, 100% used [0x00000000e0000000,0x00000000ecc00000,0x00000000ecc00000)
  from space 34816K, 38% used [0x00000000ecc00000,0x00000000ed93fa98,0x00000000eee00000)
  to   space 32768K, 0% used [0x00000000ef880000,0x00000000ef880000,0x00000000f1880000)
 ParOldGen       total 195584K, used 77324K [0x00000000a0000000, 0x00000000abf00000, 0x00000000e0000000)
  object space 195584K, 39% used [0x00000000a0000000,0x00000000a4b83088,0x00000000abf00000)
 Metaspace       used 102517K, capacity 107791K, committed 108096K, reserved 1142784K
  class space    used 13286K, capacity 14377K, committed 14464K, reserved 1048576K
Event: 1069.564 GC heap after
Heap after GC invocations=30 (full 4):
 PSYoungGen      total 251904K, used 24411K [0x00000000e0000000, 0x00000000f1a00000, 0x0000000100000000)
  eden space 219136K, 0% used [0x00000000e0000000,0x00000000e0000000,0x00000000ed600000)
  from space 32768K, 74% used [0x00000000ef880000,0x00000000f1056f10,0x00000000f1880000)
  to   space 34816K, 0% used [0x00000000ed600000,0x00000000ed600000,0x00000000ef800000)
 ParOldGen       total 195584K, used 77332K [0x00000000a0000000, 0x00000000abf00000, 0x00000000e0000000)
  object space 195584K, 39% used [0x00000000a0000000,0x00000000a4b85088,0x00000000abf00000)
 Metaspace       used 102517K, capacity 107791K, committed 108096K, reserved 1142784K
  class space    used 13286K, capacity 14377K, committed 14464K, reserved 1048576K
}
Event: 1549.246 GC heap before
{Heap before GC invocations=31 (full 4):
 PSYoungGen      total 251904K, used 243547K [0x00000000e0000000, 0x00000000f1a00000, 0x0000000100000000)
  eden space 219136K, 100% used [0x00000000e0000000,0x00000000ed600000,0x00000000ed600000)
  from space 32768K, 74% used [0x00000000ef880000,0x00000000f1056f10,0x00000000f1880000)
  to   space 34816K, 0% used [0x00000000ed600000,0x00000000ed600000,0x00000000ef800000)
 ParOldGen       total 195584K, used 77332K [0x00000000a0000000, 0x00000000abf00000, 0x00000000e0000000)
  object space 195584K, 39% used [0x00000000a0000000,0x00000000a4b85088,0x00000000abf00000)
 Metaspace       used 105898K, capacity 112181K, committed 112320K, reserved 1146880K
  class space    used 13766K, capacity 15050K, committed 15104K, reserved 1048576K
Event: 1549.545 GC heap after
Heap after GC invocations=31 (full 4):
 PSYoungGen      total 225792K, used 13515K [0x00000000e0000000, 0x00000000f1000000, 0x0000000100000000)
  eden space 211968K, 0% used [0x00000000e0000000,0x00000000e0000000,0x00000000ecf00000)
  from space 13824K, 97% used [0x00000000ed600000,0x00000000ee332cc0,0x00000000ee380000)
  to   space 33280K, 0% used [0x00000000eef80000,0x00000000eef80000,0x00000000f1000000)
 ParOldGen       total 195584K, used 77348K [0x00000000a0000000, 0x00000000abf00000, 0x00000000e0000000)
  object space 195584K, 39% used [0x00000000a0000000,0x00000000a4b89088,0x00000000abf00000)
 Metaspace       used 105898K, capacity 112181K, committed 112320K, reserved 1146880K
  class space    used 13766K, capacity 15050K, committed 15104K, reserved 1048576K
}
Event: 1832.009 GC heap before
{Heap before GC invocations=32 (full 4):
 PSYoungGen      total 225792K, used 225483K [0x00000000e0000000, 0x00000000f1000000, 0x0000000100000000)
  eden space 211968K, 100% used [0x00000000e0000000,0x00000000ecf00000,0x00000000ecf00000)
  from space 13824K, 97% used [0x00000000ed600000,0x00000000ee332cc0,0x00000000ee380000)
  to   space 33280K, 0% used [0x00000000eef80000,0x00000000eef80000,0x00000000f1000000)
 ParOldGen       total 195584K, used 77348K [0x00000000a0000000, 0x00000000abf00000, 0x00000000e0000000)
  object space 195584K, 39% used [0x00000000a0000000,0x00000000a4b89088,0x00000000abf00000)
 Metaspace       used 106197K, capacity 112663K, committed 112832K, reserved 1146880K
  class space    used 13781K, capacity 15077K, committed 15104K, reserved 1048576K
Event: 1832.131 GC heap after
Heap after GC invocations=32 (full 4):
 PSYoungGen      total 237056K, used 28998K [0x00000000e0000000, 0x00000000f0f00000, 0x0000000100000000)
  eden space 204800K, 0% used [0x00000000e0000000,0x00000000e0000000,0x00000000ec800000)
  from space 32256K, 89% used [0x00000000eef80000,0x00000000f0bd1978,0x00000000f0f00000)
  to   space 36352K, 0% used [0x00000000ec800000,0x00000000ec800000,0x00000000eeb80000)
 ParOldGen       total 195584K, used 77356K [0x00000000a0000000, 0x00000000abf00000, 0x00000000e0000000)
  object space 195584K, 39% used [0x00000000a0000000,0x00000000a4b8b088,0x00000000abf00000)
 Metaspace       used 106197K, capacity 112663K, committed 112832K, reserved 1146880K
  class space    used 13781K, capacity 15077K, committed 15104K, reserved 1048576K
}

