# JRE version: OpenJDK Runtime Environment (8.0_212-b04) (build 1.8.0_212-release-1586-b04)
# Java VM: OpenJDK 64-Bit Server VM (25.212-b04 mixed mode windows-amd64 compressed oops)
Heap:
 PSYoungGen      total 174080K, used 21224K [0x00000000e0000000, 0x00000000eea00000, 0x0000000100000000)
  eden space 154112K, 13% used [0x00000000e0000000,0x00000000e14ba3d0,0x00000000e9680000)
  from space 19968K, 0% used [0x00000000e9680000,0x00000000e9680000,0x00000000eaa00000)
  to   space 19968K, 0% used [0x00000000ed680000,0x00000000ed680000,0x00000000eea00000)
 ParOldGen       total 126976K, used 33313K [0x00000000a0000000, 0x00000000a7c00000, 0x00000000e0000000)
  object space 126976K, 26% used [0x00000000a0000000,0x00000000a20886c0,0x00000000a7c00000)
 Metaspace       used 58019K, capacity 60500K, committed 60672K, reserved 1101824K
  class space    used 8043K, capacity 8619K, committed 8704K, reserved 1048576K
GC Heap History (10 events):
Event: 6.999 GC heap before
{Heap before GC invocations=12 (full 2):
 PSYoungGen      total 137728K, used 4728K [0x00000000e0000000, 0x00000000ea900000, 0x0000000100000000)
  eden space 126464K, 0% used [0x00000000e0000000,0x00000000e0000000,0x00000000e7b80000)
  from space 11264K, 41% used [0x00000000e8680000,0x00000000e8b1e088,0x00000000e9180000)
  to   space 11264K, 0% used [0x00000000e7b80000,0x00000000e7b80000,0x00000000e8680000)
 ParOldGen       total 54272K, used 15105K [0x00000000a0000000, 0x00000000a3500000, 0x00000000e0000000)
  object space 54272K, 27% used [0x00000000a0000000,0x00000000a0ec0468,0x00000000a3500000)
 Metaspace       used 34619K, capacity 35410K, committed 35456K, reserved 1079296K
  class space    used 4741K, capacity 4964K, committed 4992K, reserved 1048576K
Event: 7.063 GC heap after
Heap after GC invocations=12 (full 2):
 PSYoungGen      total 137728K, used 0K [0x00000000e0000000, 0x00000000ea900000, 0x0000000100000000)
  eden space 126464K, 0% used [0x00000000e0000000,0x00000000e0000000,0x00000000e7b80000)
  from space 11264K, 0% used [0x00000000e8680000,0x00000000e8680000,0x00000000e9180000)
  to   space 11264K, 0% used [0x00000000e7b80000,0x00000000e7b80000,0x00000000e8680000)
 ParOldGen       total 79360K, used 15231K [0x00000000a0000000, 0x00000000a4d80000, 0x00000000e0000000)
  object space 79360K, 19% used [0x00000000a0000000,0x00000000a0edfe50,0x00000000a4d80000)
 Metaspace       used 34598K, capacity 35344K, committed 35456K, reserved 1079296K
  class space    used 4735K, capacity 4953K, committed 4992K, reserved 1048576K
}
Event: 9.110 GC heap before
{Heap before GC invocations=13 (full 2):
 PSYoungGen      total 137728K, used 126464K [0x00000000e0000000, 0x00000000ea900000, 0x0000000100000000)
  eden space 126464K, 100% used [0x00000000e0000000,0x00000000e7b80000,0x00000000e7b80000)
  from space 11264K, 0% used [0x00000000e8680000,0x00000000e8680000,0x00000000e9180000)
  to   space 11264K, 0% used [0x00000000e7b80000,0x00000000e7b80000,0x00000000e8680000)
 ParOldGen       total 79360K, used 15231K [0x00000000a0000000, 0x00000000a4d80000, 0x00000000e0000000)
  object space 79360K, 19% used [0x00000000a0000000,0x00000000a0edfe50,0x00000000a4d80000)
 Metaspace       used 45609K, capacity 46754K, committed 46976K, reserved 1089536K
  class space    used 6116K, capacity 6419K, committed 6528K, reserved 1048576K
Event: 9.123 GC heap after
Heap after GC invocations=13 (full 2):
 PSYoungGen      total 137728K, used 11262K [0x00000000e0000000, 0x00000000eb880000, 0x0000000100000000)
  eden space 126464K, 0% used [0x00000000e0000000,0x00000000e0000000,0x00000000e7b80000)
  from space 11264K, 99% used [0x00000000e7b80000,0x00000000e867f868,0x00000000e8680000)
  to   space 14848K, 0% used [0x00000000eaa00000,0x00000000eaa00000,0x00000000eb880000)
 ParOldGen       total 79360K, used 21342K [0x00000000a0000000, 0x00000000a4d80000, 0x00000000e0000000)
  object space 79360K, 26% used [0x00000000a0000000,0x00000000a14d7ba8,0x00000000a4d80000)
 Metaspace       used 45609K, capacity 46754K, committed 46976K, reserved 1089536K
  class space    used 6116K, capacity 6419K, committed 6528K, reserved 1048576K
}
Event: 10.922 GC heap before
{Heap before GC invocations=14 (full 2):
 PSYoungGen      total 137728K, used 137726K [0x00000000e0000000, 0x00000000eb880000, 0x0000000100000000)
  eden space 126464K, 100% used [0x00000000e0000000,0x00000000e7b80000,0x00000000e7b80000)
  from space 11264K, 99% used [0x00000000e7b80000,0x00000000e867f868,0x00000000e8680000)
  to   space 14848K, 0% used [0x00000000eaa00000,0x00000000eaa00000,0x00000000eb880000)
 ParOldGen       total 79360K, used 21342K [0x00000000a0000000, 0x00000000a4d80000, 0x00000000e0000000)
  object space 79360K, 26% used [0x00000000a0000000,0x00000000a14d7ba8,0x00000000a4d80000)
 Metaspace       used 55826K, capacity 57834K, committed 58112K, reserved 1099776K
  class space    used 7669K, capacity 8188K, committed 8192K, reserved 1048576K
Event: 10.946 GC heap after
Heap after GC invocations=14 (full 2):
 PSYoungGen      total 168960K, used 14817K [0x00000000e0000000, 0x00000000ec280000, 0x0000000100000000)
  eden space 154112K, 0% used [0x00000000e0000000,0x00000000e0000000,0x00000000e9680000)
  from space 14848K, 99% used [0x00000000eaa00000,0x00000000eb878478,0x00000000eb880000)
  to   space 19968K, 0% used [0x00000000e9680000,0x00000000e9680000,0x00000000eaa00000)
 ParOldGen       total 79360K, used 30178K [0x00000000a0000000, 0x00000000a4d80000, 0x00000000e0000000)
  object space 79360K, 38% used [0x00000000a0000000,0x00000000a1d78a40,0x00000000a4d80000)
 Metaspace       used 55826K, capacity 57834K, committed 58112K, reserved 1099776K
  class space    used 7669K, capacity 8188K, committed 8192K, reserved 1048576K
}
Event: 11.362 GC heap before
{Heap before GC invocations=15 (full 2):
 PSYoungGen      total 168960K, used 41407K [0x00000000e0000000, 0x00000000ec280000, 0x0000000100000000)
  eden space 154112K, 17% used [0x00000000e0000000,0x00000000e19f77b0,0x00000000e9680000)
  from space 14848K, 99% used [0x00000000eaa00000,0x00000000eb878478,0x00000000eb880000)
  to   space 19968K, 0% used [0x00000000e9680000,0x00000000e9680000,0x00000000eaa00000)
 ParOldGen       total 79360K, used 30178K [0x00000000a0000000, 0x00000000a4d80000, 0x00000000e0000000)
  object space 79360K, 38% used [0x00000000a0000000,0x00000000a1d78a40,0x00000000a4d80000)
 Metaspace       used 56933K, capacity 59030K, committed 59096K, reserved 1099776K
  class space    used 7812K, capacity 8382K, committed 8448K, reserved 1048576K
Event: 11.374 GC heap after
Heap after GC invocations=15 (full 2):
 PSYoungGen      total 174080K, used 3046K [0x00000000e0000000, 0x00000000eea00000, 0x0000000100000000)
  eden space 154112K, 0% used [0x00000000e0000000,0x00000000e0000000,0x00000000e9680000)
  from space 19968K, 15% used [0x00000000e9680000,0x00000000e99798d0,0x00000000eaa00000)
  to   space 19968K, 0% used [0x00000000ed680000,0x00000000ed680000,0x00000000eea00000)
 ParOldGen       total 79360K, used 38994K [0x00000000a0000000, 0x00000000a4d80000, 0x00000000e0000000)
  object space 79360K, 49% used [0x00000000a0000000,0x00000000a2614a40,0x00000000a4d80000)
 Metaspace       used 56933K, capacity 59030K, committed 59096K, reserved 1099776K
  class space    used 7812K, capacity 8382K, committed 8448K, reserved 1048576K
}
Event: 11.374 GC heap before
{Heap before GC invocations=16 (full 3):
 PSYoungGen      total 174080K, used 3046K [0x00000000e0000000, 0x00000000eea00000, 0x0000000100000000)
  eden space 154112K, 0% used [0x00000000e0000000,0x00000000e0000000,0x00000000e9680000)
  from space 19968K, 15% used [0x00000000e9680000,0x00000000e99798d0,0x00000000eaa00000)
  to   space 19968K, 0% used [0x00000000ed680000,0x00000000ed680000,0x00000000eea00000)
 ParOldGen       total 79360K, used 38994K [0x00000000a0000000, 0x00000000a4d80000, 0x00000000e0000000)
  object space 79360K, 49% used [0x00000000a0000000,0x00000000a2614a40,0x00000000a4d80000)
 Metaspace       used 56933K, capacity 59030K, committed 59096K, reserved 1099776K
  class space    used 7812K, capacity 8382K, committed 8448K, reserved 1048576K
Event: 11.624 GC heap after
Heap after GC invocations=16 (full 3):
 PSYoungGen      total 174080K, used 0K [0x00000000e0000000, 0x00000000eea00000, 0x0000000100000000)
  eden space 154112K, 0% used [0x00000000e0000000,0x00000000e0000000,0x00000000e9680000)
  from space 19968K, 0% used [0x00000000e9680000,0x00000000e9680000,0x00000000eaa00000)
  to   space 19968K, 0% used [0x00000000ed680000,0x00000000ed680000,0x00000000eea00000)
 ParOldGen       total 126976K, used 33313K [0x00000000a0000000, 0x00000000a7c00000, 0x00000000e0000000)
  object space 126976K, 26% used [0x00000000a0000000,0x00000000a20886c0,0x00000000a7c00000)
 Metaspace       used 56933K, capacity 59030K, committed 59096K, reserved 1099776K
  class space    used 7812K, capacity 8382K, committed 8448K, reserved 1048576K
}

